Logfile initialized
[INFO] logfile = /Users/kareemgrant/Titanium Studio Workspace/SentimentCheck/build.log
[DEBUG] /Users/kareemgrant/Library/Application Support/Titanium/mobilesdk/osx/2.0.2.GA/android/builder.py simulator SentimentCheck /Applications/android-sdk-macosx /Users/kareemgrant/Titanium Studio Workspace/SentimentCheck com.getuserwise.sentimentcheck 11 HVGA 
[INFO] Building SentimentCheck for Android ... one moment
[INFO] Titanium SDK version: 2.0.2 (05/30/12 10:21 2ff31a3)
[DEBUG] Waiting for device to be ready ...
[TRACE] adb devices returned 1 devices/emulators
[DEBUG] Device connected... (waited 0 seconds)
[DEBUG] waited 0.988766 seconds on emulator to get ready
[DEBUG] com.getuserwise.sentimentcheck installed? True
[INFO] Fastdev server running, deploying in Fastdev mode
[INFO] Copying CommonJS modules...
[INFO] Copying project resources..
[TRACE] COPYING MODIFIED FILE: /Users/kareemgrant/Titanium Studio Workspace/SentimentCheck/Resources/ui/common/ResultsWindow.js => /Users/kareemgrant/Titanium Studio Workspace/SentimentCheck/build/android/bin/assets/Resources/ui/common/ResultsWindow.js
[INFO] Tiapp.xml unchanged, skipping class generation
[DEBUG] Processing Android resource drawables
[DEBUG] found drawable-long-land-hdpi splash screen at /Users/kareemgrant/Titanium Studio Workspace/SentimentCheck/Resources/android/images/res-long-land-hdpi/default.png
[DEBUG] found drawable-long-land-ldpi splash screen at /Users/kareemgrant/Titanium Studio Workspace/SentimentCheck/Resources/android/images/res-long-land-ldpi/default.png
[DEBUG] found drawable-long-port-hdpi splash screen at /Users/kareemgrant/Titanium Studio Workspace/SentimentCheck/Resources/android/images/res-long-port-hdpi/default.png
[DEBUG] found drawable-long-port-ldpi splash screen at /Users/kareemgrant/Titanium Studio Workspace/SentimentCheck/Resources/android/images/res-long-port-ldpi/default.png
[DEBUG] found drawable-notlong-land-hdpi splash screen at /Users/kareemgrant/Titanium Studio Workspace/SentimentCheck/Resources/android/images/res-notlong-land-hdpi/default.png
[DEBUG] found drawable-notlong-land-ldpi splash screen at /Users/kareemgrant/Titanium Studio Workspace/SentimentCheck/Resources/android/images/res-notlong-land-ldpi/default.png
[DEBUG] found drawable-notlong-land-mdpi splash screen at /Users/kareemgrant/Titanium Studio Workspace/SentimentCheck/Resources/android/images/res-notlong-land-mdpi/default.png
[DEBUG] found drawable-notlong-port-hdpi splash screen at /Users/kareemgrant/Titanium Studio Workspace/SentimentCheck/Resources/android/images/res-notlong-port-hdpi/default.png
[DEBUG] found drawable-notlong-port-ldpi splash screen at /Users/kareemgrant/Titanium Studio Workspace/SentimentCheck/Resources/android/images/res-notlong-port-ldpi/default.png
[DEBUG] found drawable-notlong-port-mdpi splash screen at /Users/kareemgrant/Titanium Studio Workspace/SentimentCheck/Resources/android/images/res-notlong-port-mdpi/default.png
[INFO] Waiting for SDCard to become available..
[INFO] Re-launching application ... SentimentCheck
[INFO] Launching application ... SentimentCheck
[TRACE] Launch output: Starting: Intent { act=android.intent.action.MAIN cat=[android.intent.category.LAUNCHER] cmp=com.getuserwise.sentimentcheck/.SentimentcheckActivity }
Warning: Activity not started, its current task has been brought to the front

